<?xml version="1.0" encoding="UTF-8"?>
<testsuite xmlns:xsi="http://www.w3.org/2001/XMLSchema-instance" xsi:noNamespaceSchemaLocation="https://maven.apache.org/surefire/maven-surefire-plugin/xsd/surefire-test-report.xsd" name="com.sampleapp.demo.DemoApplicationTests" time="2.57" tests="1" errors="1" skipped="0" failures="0">
  <properties>
    <property name="gopherProxySet" value="false"/>
    <property name="awt.toolkit" value="sun.lwawt.macosx.LWCToolkit"/>
    <property name="file.encoding.pkg" value="sun.io"/>
    <property name="java.specification.version" value="1.8"/>
    <property name="sun.cpu.isalist" value=""/>
    <property name="sun.jnu.encoding" value="UTF-8"/>
    <property name="java.class.path" value="/Users/jithendrareddyk/Documents/GitHub/SimpleAppWithValidations/target/test-classes:/Users/jithendrareddyk/Documents/GitHub/SimpleAppWithValidations/target/classes:/Users/jithendrareddyk/.m2/repository/org/modelmapper/modelmapper/2.3.0/modelmapper-2.3.0.jar:/Users/jithendrareddyk/.m2/repository/javax/validation/validation-api/2.0.1.Final/validation-api-2.0.1.Final.jar:/Users/jithendrareddyk/.m2/repository/org/hibernate/hibernate-core/5.3.6.Final/hibernate-core-5.3.6.Final.jar:/Users/jithendrareddyk/.m2/repository/org/jboss/logging/jboss-logging/3.3.2.Final/jboss-logging-3.3.2.Final.jar:/Users/jithendrareddyk/.m2/repository/javax/persistence/javax.persistence-api/2.2/javax.persistence-api-2.2.jar:/Users/jithendrareddyk/.m2/repository/org/javassist/javassist/3.23.1-GA/javassist-3.23.1-GA.jar:/Users/jithendrareddyk/.m2/repository/net/bytebuddy/byte-buddy/1.8.22/byte-buddy-1.8.22.jar:/Users/jithendrareddyk/.m2/repository/antlr/antlr/2.7.7/antlr-2.7.7.jar:/Users/jithendrareddyk/.m2/repository/org/jboss/spec/javax/transaction/jboss-transaction-api_1.2_spec/1.1.1.Final/jboss-transaction-api_1.2_spec-1.1.1.Final.jar:/Users/jithendrareddyk/.m2/repository/org/jboss/jandex/2.0.5.Final/jandex-2.0.5.Final.jar:/Users/jithendrareddyk/.m2/repository/com/fasterxml/classmate/1.4.0/classmate-1.4.0.jar:/Users/jithendrareddyk/.m2/repository/javax/activation/javax.activation-api/1.2.0/javax.activation-api-1.2.0.jar:/Users/jithendrareddyk/.m2/repository/dom4j/dom4j/1.6.1/dom4j-1.6.1.jar:/Users/jithendrareddyk/.m2/repository/org/hibernate/common/hibernate-commons-annotations/5.0.4.Final/hibernate-commons-annotations-5.0.4.Final.jar:/Users/jithendrareddyk/.m2/repository/org/hibernate/hibernate-entitymanager/5.3.6.Final/hibernate-entitymanager-5.3.6.Final.jar:/Users/jithendrareddyk/.m2/repository/javax/transaction/jta/1.1/jta-1.1.jar:/Users/jithendrareddyk/.m2/repository/org/hibernate/hibernate-jpamodelgen/5.3.6.Final/hibernate-jpamodelgen-5.3.6.Final.jar:/Users/jithendrareddyk/.m2/repository/org/hibernate/javax/persistence/hibernate-jpa-2.1-api/1.0.0.Final/hibernate-jpa-2.1-api-1.0.0.Final.jar:/Users/jithendrareddyk/.m2/repository/org/springframework/spring-orm/5.1.0.RC3/spring-orm-5.1.0.RC3.jar:/Users/jithendrareddyk/.m2/repository/org/springframework/spring-beans/5.1.0.RC3/spring-beans-5.1.0.RC3.jar:/Users/jithendrareddyk/.m2/repository/org/springframework/spring-core/5.1.0.RC3/spring-core-5.1.0.RC3.jar:/Users/jithendrareddyk/.m2/repository/org/springframework/spring-jcl/5.1.0.RC3/spring-jcl-5.1.0.RC3.jar:/Users/jithendrareddyk/.m2/repository/org/springframework/spring-jdbc/5.1.0.RC3/spring-jdbc-5.1.0.RC3.jar:/Users/jithendrareddyk/.m2/repository/org/springframework/spring-tx/5.1.0.RC3/spring-tx-5.1.0.RC3.jar:/Users/jithendrareddyk/.m2/repository/org/springframework/boot/spring-boot-starter-web/2.1.0.M3/spring-boot-starter-web-2.1.0.M3.jar:/Users/jithendrareddyk/.m2/repository/org/springframework/boot/spring-boot-starter/2.1.0.M3/spring-boot-starter-2.1.0.M3.jar:/Users/jithendrareddyk/.m2/repository/org/springframework/boot/spring-boot/2.1.0.M3/spring-boot-2.1.0.M3.jar:/Users/jithendrareddyk/.m2/repository/org/springframework/boot/spring-boot-autoconfigure/2.1.0.M3/spring-boot-autoconfigure-2.1.0.M3.jar:/Users/jithendrareddyk/.m2/repository/org/springframework/boot/spring-boot-starter-logging/2.1.0.M3/spring-boot-starter-logging-2.1.0.M3.jar:/Users/jithendrareddyk/.m2/repository/ch/qos/logback/logback-classic/1.2.3/logback-classic-1.2.3.jar:/Users/jithendrareddyk/.m2/repository/ch/qos/logback/logback-core/1.2.3/logback-core-1.2.3.jar:/Users/jithendrareddyk/.m2/repository/org/apache/logging/log4j/log4j-to-slf4j/2.11.1/log4j-to-slf4j-2.11.1.jar:/Users/jithendrareddyk/.m2/repository/org/apache/logging/log4j/log4j-api/2.11.1/log4j-api-2.11.1.jar:/Users/jithendrareddyk/.m2/repository/org/slf4j/jul-to-slf4j/1.7.25/jul-to-slf4j-1.7.25.jar:/Users/jithendrareddyk/.m2/repository/javax/annotation/javax.annotation-api/1.3.2/javax.annotation-api-1.3.2.jar:/Users/jithendrareddyk/.m2/repository/org/yaml/snakeyaml/1.23/snakeyaml-1.23.jar:/Users/jithendrareddyk/.m2/repository/org/springframework/boot/spring-boot-starter-json/2.1.0.M3/spring-boot-starter-json-2.1.0.M3.jar:/Users/jithendrareddyk/.m2/repository/com/fasterxml/jackson/core/jackson-databind/2.9.6/jackson-databind-2.9.6.jar:/Users/jithendrareddyk/.m2/repository/com/fasterxml/jackson/core/jackson-annotations/2.9.0/jackson-annotations-2.9.0.jar:/Users/jithendrareddyk/.m2/repository/com/fasterxml/jackson/core/jackson-core/2.9.6/jackson-core-2.9.6.jar:/Users/jithendrareddyk/.m2/repository/com/fasterxml/jackson/datatype/jackson-datatype-jdk8/2.9.6/jackson-datatype-jdk8-2.9.6.jar:/Users/jithendrareddyk/.m2/repository/com/fasterxml/jackson/datatype/jackson-datatype-jsr310/2.9.6/jackson-datatype-jsr310-2.9.6.jar:/Users/jithendrareddyk/.m2/repository/com/fasterxml/jackson/module/jackson-module-parameter-names/2.9.6/jackson-module-parameter-names-2.9.6.jar:/Users/jithendrareddyk/.m2/repository/org/springframework/boot/spring-boot-starter-tomcat/2.1.0.M3/spring-boot-starter-tomcat-2.1.0.M3.jar:/Users/jithendrareddyk/.m2/repository/org/apache/tomcat/embed/tomcat-embed-core/9.0.12/tomcat-embed-core-9.0.12.jar:/Users/jithendrareddyk/.m2/repository/org/apache/tomcat/embed/tomcat-embed-el/9.0.12/tomcat-embed-el-9.0.12.jar:/Users/jithendrareddyk/.m2/repository/org/apache/tomcat/embed/tomcat-embed-websocket/9.0.12/tomcat-embed-websocket-9.0.12.jar:/Users/jithendrareddyk/.m2/repository/org/hibernate/validator/hibernate-validator/6.0.12.Final/hibernate-validator-6.0.12.Final.jar:/Users/jithendrareddyk/.m2/repository/org/springframework/spring-web/5.1.0.RC3/spring-web-5.1.0.RC3.jar:/Users/jithendrareddyk/.m2/repository/org/springframework/spring-webmvc/5.1.0.RC3/spring-webmvc-5.1.0.RC3.jar:/Users/jithendrareddyk/.m2/repository/org/springframework/spring-aop/5.1.0.RC3/spring-aop-5.1.0.RC3.jar:/Users/jithendrareddyk/.m2/repository/org/springframework/spring-context/5.1.0.RC3/spring-context-5.1.0.RC3.jar:/Users/jithendrareddyk/.m2/repository/org/springframework/spring-expression/5.1.0.RC3/spring-expression-5.1.0.RC3.jar:/Users/jithendrareddyk/.m2/repository/org/springframework/boot/spring-boot-starter-test/2.1.0.M3/spring-boot-starter-test-2.1.0.M3.jar:/Users/jithendrareddyk/.m2/repository/org/springframework/boot/spring-boot-test/2.1.0.M3/spring-boot-test-2.1.0.M3.jar:/Users/jithendrareddyk/.m2/repository/org/springframework/boot/spring-boot-test-autoconfigure/2.1.0.M3/spring-boot-test-autoconfigure-2.1.0.M3.jar:/Users/jithendrareddyk/.m2/repository/com/jayway/jsonpath/json-path/2.4.0/json-path-2.4.0.jar:/Users/jithendrareddyk/.m2/repository/net/minidev/json-smart/2.3/json-smart-2.3.jar:/Users/jithendrareddyk/.m2/repository/net/minidev/accessors-smart/1.2/accessors-smart-1.2.jar:/Users/jithendrareddyk/.m2/repository/org/ow2/asm/asm/5.0.4/asm-5.0.4.jar:/Users/jithendrareddyk/.m2/repository/org/slf4j/slf4j-api/1.7.25/slf4j-api-1.7.25.jar:/Users/jithendrareddyk/.m2/repository/junit/junit/4.12/junit-4.12.jar:/Users/jithendrareddyk/.m2/repository/org/assertj/assertj-core/3.11.1/assertj-core-3.11.1.jar:/Users/jithendrareddyk/.m2/repository/org/mockito/mockito-core/2.22.0/mockito-core-2.22.0.jar:/Users/jithendrareddyk/.m2/repository/net/bytebuddy/byte-buddy-agent/1.8.22/byte-buddy-agent-1.8.22.jar:/Users/jithendrareddyk/.m2/repository/org/objenesis/objenesis/2.6/objenesis-2.6.jar:/Users/jithendrareddyk/.m2/repository/org/hamcrest/hamcrest-core/1.3/hamcrest-core-1.3.jar:/Users/jithendrareddyk/.m2/repository/org/hamcrest/hamcrest-library/1.3/hamcrest-library-1.3.jar:/Users/jithendrareddyk/.m2/repository/org/skyscreamer/jsonassert/1.5.0/jsonassert-1.5.0.jar:/Users/jithendrareddyk/.m2/repository/com/vaadin/external/google/android-json/0.0.20131108.vaadin1/android-json-0.0.20131108.vaadin1.jar:/Users/jithendrareddyk/.m2/repository/org/springframework/spring-test/5.1.0.RC3/spring-test-5.1.0.RC3.jar:/Users/jithendrareddyk/.m2/repository/org/xmlunit/xmlunit-core/2.6.2/xmlunit-core-2.6.2.jar:"/>
    <property name="java.vm.vendor" value="Oracle Corporation"/>
    <property name="sun.arch.data.model" value="64"/>
    <property name="java.vendor.url" value="http://java.oracle.com/"/>
    <property name="user.timezone" value=""/>
    <property name="java.vm.specification.version" value="1.8"/>
    <property name="os.name" value="Mac OS X"/>
    <property name="user.country" value="IN"/>
    <property name="sun.java.launcher" value="SUN_STANDARD"/>
    <property name="sun.boot.library.path" value="/Library/Java/JavaVirtualMachines/jdk1.8.0_172.jdk/Contents/Home/jre/lib"/>
    <property name="sun.java.command" value="/Users/jithendrareddyk/Documents/GitHub/SimpleAppWithValidations/target/surefire/surefirebooter8982812631154548680.jar /Users/jithendrareddyk/Documents/GitHub/SimpleAppWithValidations/target/surefire 2018-09-23T23-19-49_956-jvmRun1 surefire2377182759352188800tmp surefire_03701002029813933272tmp"/>
    <property name="http.nonProxyHosts" value="local|*.local|169.254/16|*.169.254/16"/>
    <property name="surefire.test.class.path" value="/Users/jithendrareddyk/Documents/GitHub/SimpleAppWithValidations/target/test-classes:/Users/jithendrareddyk/Documents/GitHub/SimpleAppWithValidations/target/classes:/Users/jithendrareddyk/.m2/repository/org/modelmapper/modelmapper/2.3.0/modelmapper-2.3.0.jar:/Users/jithendrareddyk/.m2/repository/javax/validation/validation-api/2.0.1.Final/validation-api-2.0.1.Final.jar:/Users/jithendrareddyk/.m2/repository/org/hibernate/hibernate-core/5.3.6.Final/hibernate-core-5.3.6.Final.jar:/Users/jithendrareddyk/.m2/repository/org/jboss/logging/jboss-logging/3.3.2.Final/jboss-logging-3.3.2.Final.jar:/Users/jithendrareddyk/.m2/repository/javax/persistence/javax.persistence-api/2.2/javax.persistence-api-2.2.jar:/Users/jithendrareddyk/.m2/repository/org/javassist/javassist/3.23.1-GA/javassist-3.23.1-GA.jar:/Users/jithendrareddyk/.m2/repository/net/bytebuddy/byte-buddy/1.8.22/byte-buddy-1.8.22.jar:/Users/jithendrareddyk/.m2/repository/antlr/antlr/2.7.7/antlr-2.7.7.jar:/Users/jithendrareddyk/.m2/repository/org/jboss/spec/javax/transaction/jboss-transaction-api_1.2_spec/1.1.1.Final/jboss-transaction-api_1.2_spec-1.1.1.Final.jar:/Users/jithendrareddyk/.m2/repository/org/jboss/jandex/2.0.5.Final/jandex-2.0.5.Final.jar:/Users/jithendrareddyk/.m2/repository/com/fasterxml/classmate/1.4.0/classmate-1.4.0.jar:/Users/jithendrareddyk/.m2/repository/javax/activation/javax.activation-api/1.2.0/javax.activation-api-1.2.0.jar:/Users/jithendrareddyk/.m2/repository/dom4j/dom4j/1.6.1/dom4j-1.6.1.jar:/Users/jithendrareddyk/.m2/repository/org/hibernate/common/hibernate-commons-annotations/5.0.4.Final/hibernate-commons-annotations-5.0.4.Final.jar:/Users/jithendrareddyk/.m2/repository/org/hibernate/hibernate-entitymanager/5.3.6.Final/hibernate-entitymanager-5.3.6.Final.jar:/Users/jithendrareddyk/.m2/repository/javax/transaction/jta/1.1/jta-1.1.jar:/Users/jithendrareddyk/.m2/repository/org/hibernate/hibernate-jpamodelgen/5.3.6.Final/hibernate-jpamodelgen-5.3.6.Final.jar:/Users/jithendrareddyk/.m2/repository/org/hibernate/javax/persistence/hibernate-jpa-2.1-api/1.0.0.Final/hibernate-jpa-2.1-api-1.0.0.Final.jar:/Users/jithendrareddyk/.m2/repository/org/springframework/spring-orm/5.1.0.RC3/spring-orm-5.1.0.RC3.jar:/Users/jithendrareddyk/.m2/repository/org/springframework/spring-beans/5.1.0.RC3/spring-beans-5.1.0.RC3.jar:/Users/jithendrareddyk/.m2/repository/org/springframework/spring-core/5.1.0.RC3/spring-core-5.1.0.RC3.jar:/Users/jithendrareddyk/.m2/repository/org/springframework/spring-jcl/5.1.0.RC3/spring-jcl-5.1.0.RC3.jar:/Users/jithendrareddyk/.m2/repository/org/springframework/spring-jdbc/5.1.0.RC3/spring-jdbc-5.1.0.RC3.jar:/Users/jithendrareddyk/.m2/repository/org/springframework/spring-tx/5.1.0.RC3/spring-tx-5.1.0.RC3.jar:/Users/jithendrareddyk/.m2/repository/org/springframework/boot/spring-boot-starter-web/2.1.0.M3/spring-boot-starter-web-2.1.0.M3.jar:/Users/jithendrareddyk/.m2/repository/org/springframework/boot/spring-boot-starter/2.1.0.M3/spring-boot-starter-2.1.0.M3.jar:/Users/jithendrareddyk/.m2/repository/org/springframework/boot/spring-boot/2.1.0.M3/spring-boot-2.1.0.M3.jar:/Users/jithendrareddyk/.m2/repository/org/springframework/boot/spring-boot-autoconfigure/2.1.0.M3/spring-boot-autoconfigure-2.1.0.M3.jar:/Users/jithendrareddyk/.m2/repository/org/springframework/boot/spring-boot-starter-logging/2.1.0.M3/spring-boot-starter-logging-2.1.0.M3.jar:/Users/jithendrareddyk/.m2/repository/ch/qos/logback/logback-classic/1.2.3/logback-classic-1.2.3.jar:/Users/jithendrareddyk/.m2/repository/ch/qos/logback/logback-core/1.2.3/logback-core-1.2.3.jar:/Users/jithendrareddyk/.m2/repository/org/apache/logging/log4j/log4j-to-slf4j/2.11.1/log4j-to-slf4j-2.11.1.jar:/Users/jithendrareddyk/.m2/repository/org/apache/logging/log4j/log4j-api/2.11.1/log4j-api-2.11.1.jar:/Users/jithendrareddyk/.m2/repository/org/slf4j/jul-to-slf4j/1.7.25/jul-to-slf4j-1.7.25.jar:/Users/jithendrareddyk/.m2/repository/javax/annotation/javax.annotation-api/1.3.2/javax.annotation-api-1.3.2.jar:/Users/jithendrareddyk/.m2/repository/org/yaml/snakeyaml/1.23/snakeyaml-1.23.jar:/Users/jithendrareddyk/.m2/repository/org/springframework/boot/spring-boot-starter-json/2.1.0.M3/spring-boot-starter-json-2.1.0.M3.jar:/Users/jithendrareddyk/.m2/repository/com/fasterxml/jackson/core/jackson-databind/2.9.6/jackson-databind-2.9.6.jar:/Users/jithendrareddyk/.m2/repository/com/fasterxml/jackson/core/jackson-annotations/2.9.0/jackson-annotations-2.9.0.jar:/Users/jithendrareddyk/.m2/repository/com/fasterxml/jackson/core/jackson-core/2.9.6/jackson-core-2.9.6.jar:/Users/jithendrareddyk/.m2/repository/com/fasterxml/jackson/datatype/jackson-datatype-jdk8/2.9.6/jackson-datatype-jdk8-2.9.6.jar:/Users/jithendrareddyk/.m2/repository/com/fasterxml/jackson/datatype/jackson-datatype-jsr310/2.9.6/jackson-datatype-jsr310-2.9.6.jar:/Users/jithendrareddyk/.m2/repository/com/fasterxml/jackson/module/jackson-module-parameter-names/2.9.6/jackson-module-parameter-names-2.9.6.jar:/Users/jithendrareddyk/.m2/repository/org/springframework/boot/spring-boot-starter-tomcat/2.1.0.M3/spring-boot-starter-tomcat-2.1.0.M3.jar:/Users/jithendrareddyk/.m2/repository/org/apache/tomcat/embed/tomcat-embed-core/9.0.12/tomcat-embed-core-9.0.12.jar:/Users/jithendrareddyk/.m2/repository/org/apache/tomcat/embed/tomcat-embed-el/9.0.12/tomcat-embed-el-9.0.12.jar:/Users/jithendrareddyk/.m2/repository/org/apache/tomcat/embed/tomcat-embed-websocket/9.0.12/tomcat-embed-websocket-9.0.12.jar:/Users/jithendrareddyk/.m2/repository/org/hibernate/validator/hibernate-validator/6.0.12.Final/hibernate-validator-6.0.12.Final.jar:/Users/jithendrareddyk/.m2/repository/org/springframework/spring-web/5.1.0.RC3/spring-web-5.1.0.RC3.jar:/Users/jithendrareddyk/.m2/repository/org/springframework/spring-webmvc/5.1.0.RC3/spring-webmvc-5.1.0.RC3.jar:/Users/jithendrareddyk/.m2/repository/org/springframework/spring-aop/5.1.0.RC3/spring-aop-5.1.0.RC3.jar:/Users/jithendrareddyk/.m2/repository/org/springframework/spring-context/5.1.0.RC3/spring-context-5.1.0.RC3.jar:/Users/jithendrareddyk/.m2/repository/org/springframework/spring-expression/5.1.0.RC3/spring-expression-5.1.0.RC3.jar:/Users/jithendrareddyk/.m2/repository/org/springframework/boot/spring-boot-starter-test/2.1.0.M3/spring-boot-starter-test-2.1.0.M3.jar:/Users/jithendrareddyk/.m2/repository/org/springframework/boot/spring-boot-test/2.1.0.M3/spring-boot-test-2.1.0.M3.jar:/Users/jithendrareddyk/.m2/repository/org/springframework/boot/spring-boot-test-autoconfigure/2.1.0.M3/spring-boot-test-autoconfigure-2.1.0.M3.jar:/Users/jithendrareddyk/.m2/repository/com/jayway/jsonpath/json-path/2.4.0/json-path-2.4.0.jar:/Users/jithendrareddyk/.m2/repository/net/minidev/json-smart/2.3/json-smart-2.3.jar:/Users/jithendrareddyk/.m2/repository/net/minidev/accessors-smart/1.2/accessors-smart-1.2.jar:/Users/jithendrareddyk/.m2/repository/org/ow2/asm/asm/5.0.4/asm-5.0.4.jar:/Users/jithendrareddyk/.m2/repository/org/slf4j/slf4j-api/1.7.25/slf4j-api-1.7.25.jar:/Users/jithendrareddyk/.m2/repository/junit/junit/4.12/junit-4.12.jar:/Users/jithendrareddyk/.m2/repository/org/assertj/assertj-core/3.11.1/assertj-core-3.11.1.jar:/Users/jithendrareddyk/.m2/repository/org/mockito/mockito-core/2.22.0/mockito-core-2.22.0.jar:/Users/jithendrareddyk/.m2/repository/net/bytebuddy/byte-buddy-agent/1.8.22/byte-buddy-agent-1.8.22.jar:/Users/jithendrareddyk/.m2/repository/org/objenesis/objenesis/2.6/objenesis-2.6.jar:/Users/jithendrareddyk/.m2/repository/org/hamcrest/hamcrest-core/1.3/hamcrest-core-1.3.jar:/Users/jithendrareddyk/.m2/repository/org/hamcrest/hamcrest-library/1.3/hamcrest-library-1.3.jar:/Users/jithendrareddyk/.m2/repository/org/skyscreamer/jsonassert/1.5.0/jsonassert-1.5.0.jar:/Users/jithendrareddyk/.m2/repository/com/vaadin/external/google/android-json/0.0.20131108.vaadin1/android-json-0.0.20131108.vaadin1.jar:/Users/jithendrareddyk/.m2/repository/org/springframework/spring-test/5.1.0.RC3/spring-test-5.1.0.RC3.jar:/Users/jithendrareddyk/.m2/repository/org/xmlunit/xmlunit-core/2.6.2/xmlunit-core-2.6.2.jar:"/>
    <property name="sun.cpu.endian" value="little"/>
    <property name="user.home" value="/Users/jithendrareddyk"/>
    <property name="user.language" value="en"/>
    <property name="java.specification.vendor" value="Oracle Corporation"/>
    <property name="java.home" value="/Library/Java/JavaVirtualMachines/jdk1.8.0_172.jdk/Contents/Home/jre"/>
    <property name="basedir" value="/Users/jithendrareddyk/Documents/GitHub/SimpleAppWithValidations"/>
    <property name="file.separator" value="/"/>
    <property name="line.separator" value="&#10;"/>
    <property name="java.vm.specification.vendor" value="Oracle Corporation"/>
    <property name="java.specification.name" value="Java Platform API Specification"/>
    <property name="java.awt.graphicsenv" value="sun.awt.CGraphicsEnvironment"/>
    <property name="surefire.real.class.path" value="/Users/jithendrareddyk/Documents/GitHub/SimpleAppWithValidations/target/surefire/surefirebooter8982812631154548680.jar"/>
    <property name="sun.boot.class.path" value="/Library/Java/JavaVirtualMachines/jdk1.8.0_172.jdk/Contents/Home/jre/lib/resources.jar:/Library/Java/JavaVirtualMachines/jdk1.8.0_172.jdk/Contents/Home/jre/lib/rt.jar:/Library/Java/JavaVirtualMachines/jdk1.8.0_172.jdk/Contents/Home/jre/lib/sunrsasign.jar:/Library/Java/JavaVirtualMachines/jdk1.8.0_172.jdk/Contents/Home/jre/lib/jsse.jar:/Library/Java/JavaVirtualMachines/jdk1.8.0_172.jdk/Contents/Home/jre/lib/jce.jar:/Library/Java/JavaVirtualMachines/jdk1.8.0_172.jdk/Contents/Home/jre/lib/charsets.jar:/Library/Java/JavaVirtualMachines/jdk1.8.0_172.jdk/Contents/Home/jre/lib/jfr.jar:/Library/Java/JavaVirtualMachines/jdk1.8.0_172.jdk/Contents/Home/jre/classes"/>
    <property name="sun.management.compiler" value="HotSpot 64-Bit Tiered Compilers"/>
    <property name="ftp.nonProxyHosts" value="local|*.local|169.254/16|*.169.254/16"/>
    <property name="java.runtime.version" value="1.8.0_172-b11"/>
    <property name="user.name" value="jithendrareddyk"/>
    <property name="path.separator" value=":"/>
    <property name="os.version" value="10.13.6"/>
    <property name="java.endorsed.dirs" value="/Library/Java/JavaVirtualMachines/jdk1.8.0_172.jdk/Contents/Home/jre/lib/endorsed"/>
    <property name="java.runtime.name" value="Java(TM) SE Runtime Environment"/>
    <property name="file.encoding" value="UTF-8"/>
    <property name="java.vm.name" value="Java HotSpot(TM) 64-Bit Server VM"/>
    <property name="localRepository" value="/Users/jithendrareddyk/.m2/repository"/>
    <property name="java.vendor.url.bug" value="http://bugreport.sun.com/bugreport/"/>
    <property name="java.io.tmpdir" value="/var/folders/8b/_73tl0gn48b30_m_qkr07w_80000gn/T/"/>
    <property name="java.version" value="1.8.0_172"/>
    <property name="user.dir" value="/Users/jithendrareddyk/Documents/GitHub/SimpleAppWithValidations"/>
    <property name="os.arch" value="x86_64"/>
    <property name="java.vm.specification.name" value="Java Virtual Machine Specification"/>
    <property name="java.awt.printerjob" value="sun.lwawt.macosx.CPrinterJob"/>
    <property name="sun.os.patch.level" value="unknown"/>
    <property name="java.library.path" value="/Users/jithendrareddyk/Library/Java/Extensions:/Library/Java/Extensions:/Network/Library/Java/Extensions:/System/Library/Java/Extensions:/usr/lib/java:."/>
    <property name="java.vm.info" value="mixed mode"/>
    <property name="java.vendor" value="Oracle Corporation"/>
    <property name="java.vm.version" value="25.172-b11"/>
    <property name="java.ext.dirs" value="/Users/jithendrareddyk/Library/Java/Extensions:/Library/Java/JavaVirtualMachines/jdk1.8.0_172.jdk/Contents/Home/jre/lib/ext:/Library/Java/Extensions:/Network/Library/Java/Extensions:/System/Library/Java/Extensions:/usr/lib/java"/>
    <property name="sun.io.unicode.encoding" value="UnicodeBig"/>
    <property name="java.class.version" value="52.0"/>
    <property name="socksNonProxyHosts" value="local|*.local|169.254/16|*.169.254/16"/>
  </properties>
  <testcase name="contextLoads" classname="com.sampleapp.demo.DemoApplicationTests" time="0.009">
    <error message="Failed to load ApplicationContext" type="java.lang.IllegalStateException">java.lang.IllegalStateException: Failed to load ApplicationContext
Caused by: java.lang.IllegalStateException: Error processing condition on org.springframework.boot.autoconfigure.context.PropertyPlaceholderAutoConfiguration.propertySourcesPlaceholderConfigurer
Caused by: java.lang.IllegalStateException: Failed to introspect Class [com.sampleapp.config.AppConfig] from ClassLoader [sun.misc.Launcher$AppClassLoader@4aa298b7]
Caused by: java.lang.NoClassDefFoundError: org/hibernate/SessionFactory
Caused by: java.lang.ClassNotFoundException: org.hibernate.SessionFactory
</error>
    <system-out><![CDATA[23:19:54.166 [main] DEBUG org.springframework.test.context.junit4.SpringJUnit4ClassRunner - SpringJUnit4ClassRunner constructor called with [class com.sampleapp.demo.DemoApplicationTests]
23:19:54.175 [main] DEBUG org.springframework.test.context.BootstrapUtils - Instantiating CacheAwareContextLoaderDelegate from class [org.springframework.test.context.cache.DefaultCacheAwareContextLoaderDelegate]
23:19:54.184 [main] DEBUG org.springframework.test.context.BootstrapUtils - Instantiating BootstrapContext using constructor [public org.springframework.test.context.support.DefaultBootstrapContext(java.lang.Class,org.springframework.test.context.CacheAwareContextLoaderDelegate)]
23:19:54.213 [main] DEBUG org.springframework.test.context.BootstrapUtils - Instantiating TestContextBootstrapper for test class [com.sampleapp.demo.DemoApplicationTests] from class [org.springframework.boot.test.context.SpringBootTestContextBootstrapper]
23:19:54.238 [main] INFO org.springframework.boot.test.context.SpringBootTestContextBootstrapper - Neither @ContextConfiguration nor @ContextHierarchy found for test class [com.sampleapp.demo.DemoApplicationTests], using SpringBootContextLoader
23:19:54.244 [main] DEBUG org.springframework.test.context.support.AbstractContextLoader - Did not detect default resource location for test class [com.sampleapp.demo.DemoApplicationTests]: class path resource [com/sampleapp/demo/DemoApplicationTests-context.xml] does not exist
23:19:54.245 [main] DEBUG org.springframework.test.context.support.AbstractContextLoader - Did not detect default resource location for test class [com.sampleapp.demo.DemoApplicationTests]: class path resource [com/sampleapp/demo/DemoApplicationTestsContext.groovy] does not exist
23:19:54.245 [main] INFO org.springframework.test.context.support.AbstractContextLoader - Could not detect default resource locations for test class [com.sampleapp.demo.DemoApplicationTests]: no resource found for suffixes {-context.xml, Context.groovy}.
23:19:54.247 [main] INFO org.springframework.test.context.support.AnnotationConfigContextLoaderUtils - Could not detect default configuration classes for test class [com.sampleapp.demo.DemoApplicationTests]: DemoApplicationTests does not declare any static, non-private, non-final, nested classes annotated with @Configuration.
23:19:54.317 [main] DEBUG org.springframework.test.context.support.ActiveProfilesUtils - Could not find an 'annotation declaring class' for annotation type [org.springframework.test.context.ActiveProfiles] and class [com.sampleapp.demo.DemoApplicationTests]
23:19:54.467 [main] DEBUG org.springframework.context.annotation.ClassPathScanningCandidateComponentProvider - Identified candidate component class: file [/Users/jithendrareddyk/Documents/GitHub/SimpleAppWithValidations/target/classes/com/sampleapp/demo/DemoApplication.class]
23:19:54.469 [main] INFO org.springframework.boot.test.context.SpringBootTestContextBootstrapper - Found @SpringBootConfiguration com.sampleapp.demo.DemoApplication for test class com.sampleapp.demo.DemoApplicationTests
23:19:54.617 [main] DEBUG org.springframework.boot.test.context.SpringBootTestContextBootstrapper - @TestExecutionListeners is not present for class [com.sampleapp.demo.DemoApplicationTests]: using defaults.
23:19:54.618 [main] INFO org.springframework.boot.test.context.SpringBootTestContextBootstrapper - Loaded default TestExecutionListener class names from location [META-INF/spring.factories]: [org.springframework.boot.test.mock.mockito.MockitoTestExecutionListener, org.springframework.boot.test.mock.mockito.ResetMocksTestExecutionListener, org.springframework.boot.test.autoconfigure.restdocs.RestDocsTestExecutionListener, org.springframework.boot.test.autoconfigure.web.client.MockRestServiceServerResetTestExecutionListener, org.springframework.boot.test.autoconfigure.web.servlet.MockMvcPrintOnlyOnFailureTestExecutionListener, org.springframework.boot.test.autoconfigure.web.servlet.WebDriverTestExecutionListener, org.springframework.test.context.web.ServletTestExecutionListener, org.springframework.test.context.support.DirtiesContextBeforeModesTestExecutionListener, org.springframework.test.context.support.DependencyInjectionTestExecutionListener, org.springframework.test.context.support.DirtiesContextTestExecutionListener, org.springframework.test.context.transaction.TransactionalTestExecutionListener, org.springframework.test.context.jdbc.SqlScriptsTestExecutionListener]
23:19:54.637 [main] INFO org.springframework.boot.test.context.SpringBootTestContextBootstrapper - Using TestExecutionListeners: [org.springframework.test.context.web.ServletTestExecutionListener@4218d6a3, org.springframework.test.context.support.DirtiesContextBeforeModesTestExecutionListener@76505305, org.springframework.boot.test.mock.mockito.MockitoTestExecutionListener@14cd1699, org.springframework.boot.test.autoconfigure.SpringBootDependencyInjectionTestExecutionListener@77888435, org.springframework.test.context.support.DirtiesContextTestExecutionListener@73a1e9a9, org.springframework.test.context.transaction.TransactionalTestExecutionListener@71d44a3, org.springframework.test.context.jdbc.SqlScriptsTestExecutionListener@7b98f307, org.springframework.boot.test.mock.mockito.ResetMocksTestExecutionListener@4802796d, org.springframework.boot.test.autoconfigure.restdocs.RestDocsTestExecutionListener@34123d65, org.springframework.boot.test.autoconfigure.web.client.MockRestServiceServerResetTestExecutionListener@59474f18, org.springframework.boot.test.autoconfigure.web.servlet.MockMvcPrintOnlyOnFailureTestExecutionListener@65fb9ffc, org.springframework.boot.test.autoconfigure.web.servlet.WebDriverTestExecutionListener@3e694b3f]
23:19:54.639 [main] DEBUG org.springframework.test.annotation.ProfileValueUtils - Retrieved @ProfileValueSourceConfiguration [null] for test class [com.sampleapp.demo.DemoApplicationTests]
23:19:54.640 [main] DEBUG org.springframework.test.annotation.ProfileValueUtils - Retrieved ProfileValueSource type [class org.springframework.test.annotation.SystemProfileValueSource] for class [com.sampleapp.demo.DemoApplicationTests]
23:19:54.642 [main] DEBUG org.springframework.test.annotation.ProfileValueUtils - Retrieved @ProfileValueSourceConfiguration [null] for test class [com.sampleapp.demo.DemoApplicationTests]
23:19:54.642 [main] DEBUG org.springframework.test.annotation.ProfileValueUtils - Retrieved ProfileValueSource type [class org.springframework.test.annotation.SystemProfileValueSource] for class [com.sampleapp.demo.DemoApplicationTests]
23:19:54.643 [main] DEBUG org.springframework.test.annotation.ProfileValueUtils - Retrieved @ProfileValueSourceConfiguration [null] for test class [com.sampleapp.demo.DemoApplicationTests]
23:19:54.643 [main] DEBUG org.springframework.test.annotation.ProfileValueUtils - Retrieved ProfileValueSource type [class org.springframework.test.annotation.SystemProfileValueSource] for class [com.sampleapp.demo.DemoApplicationTests]
23:19:54.647 [main] DEBUG org.springframework.test.context.support.AbstractDirtiesContextTestExecutionListener - Before test class: context [DefaultTestContext@3c46e67a testClass = DemoApplicationTests, testInstance = [null], testMethod = [null], testException = [null], mergedContextConfiguration = [WebMergedContextConfiguration@c730b35 testClass = DemoApplicationTests, locations = '{}', classes = '{class com.sampleapp.demo.DemoApplication}', contextInitializerClasses = '[]', activeProfiles = '{}', propertySourceLocations = '{}', propertySourceProperties = '{org.springframework.boot.test.context.SpringBootTestContextBootstrapper=true}', contextCustomizers = set[org.springframework.boot.test.context.filter.ExcludeFilterContextCustomizer@6950e31, org.springframework.boot.test.json.DuplicateJsonObjectContextCustomizerFactory$DuplicateJsonObjectContextCustomizer@7cbd213e, org.springframework.boot.test.mock.mockito.MockitoContextCustomizer@0, org.springframework.boot.test.web.client.TestRestTemplateContextCustomizer@396e2f39, org.springframework.boot.test.autoconfigure.properties.PropertyMappingContextCustomizer@0, org.springframework.boot.test.autoconfigure.web.servlet.WebDriverContextCustomizerFactory$Customizer@10a035a0], resourceBasePath = 'src/main/webapp', contextLoader = 'org.springframework.boot.test.context.SpringBootContextLoader', parent = [null]], attributes = map['org.springframework.test.context.web.ServletTestExecutionListener.activateListener' -> true]], class annotated with @DirtiesContext [false] with mode [null].
23:19:54.648 [main] DEBUG org.springframework.test.annotation.ProfileValueUtils - Retrieved @ProfileValueSourceConfiguration [null] for test class [com.sampleapp.demo.DemoApplicationTests]
23:19:54.648 [main] DEBUG org.springframework.test.annotation.ProfileValueUtils - Retrieved ProfileValueSource type [class org.springframework.test.annotation.SystemProfileValueSource] for class [com.sampleapp.demo.DemoApplicationTests]
23:19:54.674 [main] DEBUG org.springframework.test.context.support.TestPropertySourceUtils - Adding inlined properties to environment: {spring.jmx.enabled=false, org.springframework.boot.test.context.SpringBootTestContextBootstrapper=true, server.port=-1}

  .   ____          _            __ _ _
 /\\ / ___'_ __ _ _(_)_ __  __ _ \ \ \ \
( ( )\___ | '_ | '_| | '_ \/ _` | \ \ \ \
 \\/  ___)| |_)| | | | | || (_| |  ) ) ) )
  '  |____| .__|_| |_|_| |_\__, | / / / /
 =========|_|==============|___/=/_/_/_/
 :: Spring Boot ::             (v2.1.0.M3)

2018-09-23 23:19:55.147  INFO 6622 --- [           main] com.sampleapp.demo.DemoApplicationTests  : Starting DemoApplicationTests on Jithendras-MacBook-Pro.local with PID 6622 (started by jithendrareddyk in /Users/jithendrareddyk/Documents/GitHub/SimpleAppWithValidations)
2018-09-23 23:19:55.150  INFO 6622 --- [           main] com.sampleapp.demo.DemoApplicationTests  : No active profile set, falling back to default profiles: default
2018-09-23 23:19:56.389 ERROR 6622 --- [           main] o.s.boot.SpringApplication               : Application run failed

java.lang.IllegalStateException: Error processing condition on org.springframework.boot.autoconfigure.context.PropertyPlaceholderAutoConfiguration.propertySourcesPlaceholderConfigurer
	at org.springframework.boot.autoconfigure.condition.SpringBootCondition.matches(SpringBootCondition.java:64) ~[spring-boot-autoconfigure-2.1.0.M3.jar:2.1.0.M3]
	at org.springframework.context.annotation.ConditionEvaluator.shouldSkip(ConditionEvaluator.java:108) ~[spring-context-5.1.0.RC3.jar:5.1.0.RC3]
	at org.springframework.context.annotation.ConfigurationClassBeanDefinitionReader.loadBeanDefinitionsForBeanMethod(ConfigurationClassBeanDefinitionReader.java:180) ~[spring-context-5.1.0.RC3.jar:5.1.0.RC3]
	at org.springframework.context.annotation.ConfigurationClassBeanDefinitionReader.loadBeanDefinitionsForConfigurationClass(ConfigurationClassBeanDefinitionReader.java:140) ~[spring-context-5.1.0.RC3.jar:5.1.0.RC3]
	at org.springframework.context.annotation.ConfigurationClassBeanDefinitionReader.loadBeanDefinitions(ConfigurationClassBeanDefinitionReader.java:116) ~[spring-context-5.1.0.RC3.jar:5.1.0.RC3]
	at org.springframework.context.annotation.ConfigurationClassPostProcessor.processConfigBeanDefinitions(ConfigurationClassPostProcessor.java:327) ~[spring-context-5.1.0.RC3.jar:5.1.0.RC3]
	at org.springframework.context.annotation.ConfigurationClassPostProcessor.postProcessBeanDefinitionRegistry(ConfigurationClassPostProcessor.java:232) ~[spring-context-5.1.0.RC3.jar:5.1.0.RC3]
	at org.springframework.context.support.PostProcessorRegistrationDelegate.invokeBeanDefinitionRegistryPostProcessors(PostProcessorRegistrationDelegate.java:275) ~[spring-context-5.1.0.RC3.jar:5.1.0.RC3]
	at org.springframework.context.support.PostProcessorRegistrationDelegate.invokeBeanFactoryPostProcessors(PostProcessorRegistrationDelegate.java:95) ~[spring-context-5.1.0.RC3.jar:5.1.0.RC3]
	at org.springframework.context.support.AbstractApplicationContext.invokeBeanFactoryPostProcessors(AbstractApplicationContext.java:693) ~[spring-context-5.1.0.RC3.jar:5.1.0.RC3]
	at org.springframework.context.support.AbstractApplicationContext.refresh(AbstractApplicationContext.java:530) ~[spring-context-5.1.0.RC3.jar:5.1.0.RC3]
	at org.springframework.boot.SpringApplication.refresh(SpringApplication.java:797) ~[spring-boot-2.1.0.M3.jar:2.1.0.M3]
	at org.springframework.boot.SpringApplication.refreshContext(SpringApplication.java:421) ~[spring-boot-2.1.0.M3.jar:2.1.0.M3]
	at org.springframework.boot.SpringApplication.run(SpringApplication.java:340) ~[spring-boot-2.1.0.M3.jar:2.1.0.M3]
	at org.springframework.boot.test.context.SpringBootContextLoader.loadContext(SpringBootContextLoader.java:139) [spring-boot-test-2.1.0.M3.jar:2.1.0.M3]
	at org.springframework.test.context.cache.DefaultCacheAwareContextLoaderDelegate.loadContextInternal(DefaultCacheAwareContextLoaderDelegate.java:99) [spring-test-5.1.0.RC3.jar:5.1.0.RC3]
	at org.springframework.test.context.cache.DefaultCacheAwareContextLoaderDelegate.loadContext(DefaultCacheAwareContextLoaderDelegate.java:117) [spring-test-5.1.0.RC3.jar:5.1.0.RC3]
	at org.springframework.test.context.support.DefaultTestContext.getApplicationContext(DefaultTestContext.java:108) [spring-test-5.1.0.RC3.jar:5.1.0.RC3]
	at org.springframework.test.context.web.ServletTestExecutionListener.setUpRequestContextIfNecessary(ServletTestExecutionListener.java:190) [spring-test-5.1.0.RC3.jar:5.1.0.RC3]
	at org.springframework.test.context.web.ServletTestExecutionListener.prepareTestInstance(ServletTestExecutionListener.java:132) [spring-test-5.1.0.RC3.jar:5.1.0.RC3]
	at org.springframework.test.context.TestContextManager.prepareTestInstance(TestContextManager.java:246) [spring-test-5.1.0.RC3.jar:5.1.0.RC3]
	at org.springframework.test.context.junit4.SpringJUnit4ClassRunner.createTest(SpringJUnit4ClassRunner.java:227) [spring-test-5.1.0.RC3.jar:5.1.0.RC3]
	at org.springframework.test.context.junit4.SpringJUnit4ClassRunner$1.runReflectiveCall(SpringJUnit4ClassRunner.java:289) [spring-test-5.1.0.RC3.jar:5.1.0.RC3]
	at org.junit.internal.runners.model.ReflectiveCallable.run(ReflectiveCallable.java:12) [junit-4.12.jar:4.12]
	at org.springframework.test.context.junit4.SpringJUnit4ClassRunner.methodBlock(SpringJUnit4ClassRunner.java:291) [spring-test-5.1.0.RC3.jar:5.1.0.RC3]
	at org.springframework.test.context.junit4.SpringJUnit4ClassRunner.runChild(SpringJUnit4ClassRunner.java:246) [spring-test-5.1.0.RC3.jar:5.1.0.RC3]
	at org.springframework.test.context.junit4.SpringJUnit4ClassRunner.runChild(SpringJUnit4ClassRunner.java:97) [spring-test-5.1.0.RC3.jar:5.1.0.RC3]
	at org.junit.runners.ParentRunner$3.run(ParentRunner.java:290) [junit-4.12.jar:4.12]
	at org.junit.runners.ParentRunner$1.schedule(ParentRunner.java:71) [junit-4.12.jar:4.12]
	at org.junit.runners.ParentRunner.runChildren(ParentRunner.java:288) [junit-4.12.jar:4.12]
	at org.junit.runners.ParentRunner.access$000(ParentRunner.java:58) [junit-4.12.jar:4.12]
	at org.junit.runners.ParentRunner$2.evaluate(ParentRunner.java:268) [junit-4.12.jar:4.12]
	at org.springframework.test.context.junit4.statements.RunBeforeTestClassCallbacks.evaluate(RunBeforeTestClassCallbacks.java:61) [spring-test-5.1.0.RC3.jar:5.1.0.RC3]
	at org.springframework.test.context.junit4.statements.RunAfterTestClassCallbacks.evaluate(RunAfterTestClassCallbacks.java:70) [spring-test-5.1.0.RC3.jar:5.1.0.RC3]
	at org.junit.runners.ParentRunner.run(ParentRunner.java:363) [junit-4.12.jar:4.12]
	at org.springframework.test.context.junit4.SpringJUnit4ClassRunner.run(SpringJUnit4ClassRunner.java:190) [spring-test-5.1.0.RC3.jar:5.1.0.RC3]
	at org.apache.maven.surefire.junit4.JUnit4Provider.execute(JUnit4Provider.java:365) [surefire-junit4-2.22.0.jar:2.22.0]
	at org.apache.maven.surefire.junit4.JUnit4Provider.executeWithRerun(JUnit4Provider.java:273) [surefire-junit4-2.22.0.jar:2.22.0]
	at org.apache.maven.surefire.junit4.JUnit4Provider.executeTestSet(JUnit4Provider.java:238) [surefire-junit4-2.22.0.jar:2.22.0]
	at org.apache.maven.surefire.junit4.JUnit4Provider.invoke(JUnit4Provider.java:159) [surefire-junit4-2.22.0.jar:2.22.0]
	at org.apache.maven.surefire.booter.ForkedBooter.invokeProviderInSameClassLoader(ForkedBooter.java:383) [surefire-booter-2.22.0.jar:2.22.0]
	at org.apache.maven.surefire.booter.ForkedBooter.runSuitesInProcess(ForkedBooter.java:344) [surefire-booter-2.22.0.jar:2.22.0]
	at org.apache.maven.surefire.booter.ForkedBooter.execute(ForkedBooter.java:125) [surefire-booter-2.22.0.jar:2.22.0]
	at org.apache.maven.surefire.booter.ForkedBooter.main(ForkedBooter.java:417) [surefire-booter-2.22.0.jar:2.22.0]
Caused by: java.lang.IllegalStateException: Failed to introspect Class [com.sampleapp.config.AppConfig] from ClassLoader [sun.misc.Launcher$AppClassLoader@4aa298b7]
	at org.springframework.util.ReflectionUtils.getDeclaredMethods(ReflectionUtils.java:680) ~[spring-core-5.1.0.RC3.jar:5.1.0.RC3]
	at org.springframework.util.ReflectionUtils.doWithMethods(ReflectionUtils.java:577) ~[spring-core-5.1.0.RC3.jar:5.1.0.RC3]
	at org.springframework.util.ReflectionUtils.doWithMethods(ReflectionUtils.java:562) ~[spring-core-5.1.0.RC3.jar:5.1.0.RC3]
	at org.springframework.util.ReflectionUtils.getUniqueDeclaredMethods(ReflectionUtils.java:620) ~[spring-core-5.1.0.RC3.jar:5.1.0.RC3]
	at java.util.concurrent.ConcurrentHashMap.computeIfAbsent(ConcurrentHashMap.java:1660) ~[na:1.8.0_172]
	at org.springframework.beans.factory.support.AbstractAutowireCapableBeanFactory.getTypeForFactoryMethod(AbstractAutowireCapableBeanFactory.java:721) ~[spring-beans-5.1.0.RC3.jar:5.1.0.RC3]
	at org.springframework.beans.factory.support.AbstractAutowireCapableBeanFactory.determineTargetType(AbstractAutowireCapableBeanFactory.java:662) ~[spring-beans-5.1.0.RC3.jar:5.1.0.RC3]
	at org.springframework.beans.factory.support.AbstractAutowireCapableBeanFactory.predictBeanType(AbstractAutowireCapableBeanFactory.java:630) ~[spring-beans-5.1.0.RC3.jar:5.1.0.RC3]
	at org.springframework.beans.factory.support.AbstractBeanFactory.isFactoryBean(AbstractBeanFactory.java:1492) ~[spring-beans-5.1.0.RC3.jar:5.1.0.RC3]
	at org.springframework.beans.factory.support.AbstractBeanFactory.isFactoryBean(AbstractBeanFactory.java:1015) ~[spring-beans-5.1.0.RC3.jar:5.1.0.RC3]
	at org.springframework.boot.autoconfigure.condition.BeanTypeRegistry.addBeanTypeForNonAliasDefinition(BeanTypeRegistry.java:194) ~[spring-boot-autoconfigure-2.1.0.M3.jar:2.1.0.M3]
	at org.springframework.boot.autoconfigure.condition.BeanTypeRegistry.addBeanTypeForNonAliasDefinition(BeanTypeRegistry.java:170) ~[spring-boot-autoconfigure-2.1.0.M3.jar:2.1.0.M3]
	at org.springframework.boot.autoconfigure.condition.BeanTypeRegistry.addBeanType(BeanTypeRegistry.java:163) ~[spring-boot-autoconfigure-2.1.0.M3.jar:2.1.0.M3]
	at org.springframework.boot.autoconfigure.condition.BeanTypeRegistry.lambda$updateTypesIfNecessary$2(BeanTypeRegistry.java:150) ~[spring-boot-autoconfigure-2.1.0.M3.jar:2.1.0.M3]
	at java.util.Iterator.forEachRemaining(Iterator.java:116) ~[na:1.8.0_172]
	at org.springframework.boot.autoconfigure.condition.BeanTypeRegistry.updateTypesIfNecessary(BeanTypeRegistry.java:148) ~[spring-boot-autoconfigure-2.1.0.M3.jar:2.1.0.M3]
	at org.springframework.boot.autoconfigure.condition.BeanTypeRegistry.getNamesForType(BeanTypeRegistry.java:114) ~[spring-boot-autoconfigure-2.1.0.M3.jar:2.1.0.M3]
	at org.springframework.boot.autoconfigure.condition.OnBeanCondition.collectBeanNamesForType(OnBeanCondition.java:265) ~[spring-boot-autoconfigure-2.1.0.M3.jar:2.1.0.M3]
	at org.springframework.boot.autoconfigure.condition.OnBeanCondition.getBeanNamesForType(OnBeanCondition.java:254) ~[spring-boot-autoconfigure-2.1.0.M3.jar:2.1.0.M3]
	at org.springframework.boot.autoconfigure.condition.OnBeanCondition.getMatchingBeans(OnBeanCondition.java:196) ~[spring-boot-autoconfigure-2.1.0.M3.jar:2.1.0.M3]
	at org.springframework.boot.autoconfigure.condition.OnBeanCondition.getMatchOutcome(OnBeanCondition.java:116) ~[spring-boot-autoconfigure-2.1.0.M3.jar:2.1.0.M3]
	at org.springframework.boot.autoconfigure.condition.SpringBootCondition.matches(SpringBootCondition.java:47) ~[spring-boot-autoconfigure-2.1.0.M3.jar:2.1.0.M3]
	... 43 common frames omitted
Caused by: java.lang.NoClassDefFoundError: org/hibernate/SessionFactory
	at java.lang.Class.getDeclaredMethods0(Native Method) ~[na:1.8.0_172]
	at java.lang.Class.privateGetDeclaredMethods(Class.java:2701) ~[na:1.8.0_172]
	at java.lang.Class.getDeclaredMethods(Class.java:1975) ~[na:1.8.0_172]
	at org.springframework.util.ReflectionUtils.getDeclaredMethods(ReflectionUtils.java:662) ~[spring-core-5.1.0.RC3.jar:5.1.0.RC3]
	... 64 common frames omitted
Caused by: java.lang.ClassNotFoundException: org.hibernate.SessionFactory
	at java.net.URLClassLoader.findClass(URLClassLoader.java:381) ~[na:1.8.0_172]
	at java.lang.ClassLoader.loadClass(ClassLoader.java:424) ~[na:1.8.0_172]
	at sun.misc.Launcher$AppClassLoader.loadClass(Launcher.java:349) ~[na:1.8.0_172]
	at java.lang.ClassLoader.loadClass(ClassLoader.java:357) ~[na:1.8.0_172]
	... 68 common frames omitted

2018-09-23 23:19:56.411  WARN 6622 --- [           main] o.s.boot.SpringApplication               : Unable to close ApplicationContext

java.lang.IllegalStateException: Failed to introspect Class [com.sampleapp.config.AppConfig] from ClassLoader [sun.misc.Launcher$AppClassLoader@4aa298b7]
	at org.springframework.util.ReflectionUtils.getDeclaredMethods(ReflectionUtils.java:680) ~[spring-core-5.1.0.RC3.jar:5.1.0.RC3]
	at org.springframework.util.ReflectionUtils.doWithMethods(ReflectionUtils.java:577) ~[spring-core-5.1.0.RC3.jar:5.1.0.RC3]
	at org.springframework.util.ReflectionUtils.doWithMethods(ReflectionUtils.java:562) ~[spring-core-5.1.0.RC3.jar:5.1.0.RC3]
	at org.springframework.util.ReflectionUtils.getUniqueDeclaredMethods(ReflectionUtils.java:620) ~[spring-core-5.1.0.RC3.jar:5.1.0.RC3]
	at java.util.concurrent.ConcurrentHashMap.computeIfAbsent(ConcurrentHashMap.java:1660) ~[na:1.8.0_172]
	at org.springframework.beans.factory.support.AbstractAutowireCapableBeanFactory.getTypeForFactoryMethod(AbstractAutowireCapableBeanFactory.java:721) ~[spring-beans-5.1.0.RC3.jar:5.1.0.RC3]
	at org.springframework.beans.factory.support.AbstractAutowireCapableBeanFactory.determineTargetType(AbstractAutowireCapableBeanFactory.java:662) ~[spring-beans-5.1.0.RC3.jar:5.1.0.RC3]
	at org.springframework.beans.factory.support.AbstractAutowireCapableBeanFactory.predictBeanType(AbstractAutowireCapableBeanFactory.java:630) ~[spring-beans-5.1.0.RC3.jar:5.1.0.RC3]
	at org.springframework.beans.factory.support.AbstractBeanFactory.isFactoryBean(AbstractBeanFactory.java:1492) ~[spring-beans-5.1.0.RC3.jar:5.1.0.RC3]
	at org.springframework.beans.factory.support.DefaultListableBeanFactory.doGetBeanNamesForType(DefaultListableBeanFactory.java:484) ~[spring-beans-5.1.0.RC3.jar:5.1.0.RC3]
	at org.springframework.beans.factory.support.DefaultListableBeanFactory.getBeanNamesForType(DefaultListableBeanFactory.java:454) ~[spring-beans-5.1.0.RC3.jar:5.1.0.RC3]
	at org.springframework.beans.factory.support.DefaultListableBeanFactory.getBeansOfType(DefaultListableBeanFactory.java:575) ~[spring-beans-5.1.0.RC3.jar:5.1.0.RC3]
	at org.springframework.beans.factory.support.DefaultListableBeanFactory.getBeansOfType(DefaultListableBeanFactory.java:567) ~[spring-beans-5.1.0.RC3.jar:5.1.0.RC3]
	at org.springframework.context.support.AbstractApplicationContext.getBeansOfType(AbstractApplicationContext.java:1206) ~[spring-context-5.1.0.RC3.jar:5.1.0.RC3]
	at org.springframework.boot.SpringApplication.getExitCodeFromMappedException(SpringApplication.java:927) [spring-boot-2.1.0.M3.jar:2.1.0.M3]
	at org.springframework.boot.SpringApplication.getExitCodeFromException(SpringApplication.java:913) [spring-boot-2.1.0.M3.jar:2.1.0.M3]
	at org.springframework.boot.SpringApplication.handleExitCode(SpringApplication.java:899) [spring-boot-2.1.0.M3.jar:2.1.0.M3]
	at org.springframework.boot.SpringApplication.handleRunFailure(SpringApplication.java:848) [spring-boot-2.1.0.M3.jar:2.1.0.M3]
	at org.springframework.boot.SpringApplication.run(SpringApplication.java:351) [spring-boot-2.1.0.M3.jar:2.1.0.M3]
	at org.springframework.boot.test.context.SpringBootContextLoader.loadContext(SpringBootContextLoader.java:139) [spring-boot-test-2.1.0.M3.jar:2.1.0.M3]
	at org.springframework.test.context.cache.DefaultCacheAwareContextLoaderDelegate.loadContextInternal(DefaultCacheAwareContextLoaderDelegate.java:99) [spring-test-5.1.0.RC3.jar:5.1.0.RC3]
	at org.springframework.test.context.cache.DefaultCacheAwareContextLoaderDelegate.loadContext(DefaultCacheAwareContextLoaderDelegate.java:117) [spring-test-5.1.0.RC3.jar:5.1.0.RC3]
	at org.springframework.test.context.support.DefaultTestContext.getApplicationContext(DefaultTestContext.java:108) [spring-test-5.1.0.RC3.jar:5.1.0.RC3]
	at org.springframework.test.context.web.ServletTestExecutionListener.setUpRequestContextIfNecessary(ServletTestExecutionListener.java:190) [spring-test-5.1.0.RC3.jar:5.1.0.RC3]
	at org.springframework.test.context.web.ServletTestExecutionListener.prepareTestInstance(ServletTestExecutionListener.java:132) [spring-test-5.1.0.RC3.jar:5.1.0.RC3]
	at org.springframework.test.context.TestContextManager.prepareTestInstance(TestContextManager.java:246) [spring-test-5.1.0.RC3.jar:5.1.0.RC3]
	at org.springframework.test.context.junit4.SpringJUnit4ClassRunner.createTest(SpringJUnit4ClassRunner.java:227) [spring-test-5.1.0.RC3.jar:5.1.0.RC3]
	at org.springframework.test.context.junit4.SpringJUnit4ClassRunner$1.runReflectiveCall(SpringJUnit4ClassRunner.java:289) [spring-test-5.1.0.RC3.jar:5.1.0.RC3]
	at org.junit.internal.runners.model.ReflectiveCallable.run(ReflectiveCallable.java:12) [junit-4.12.jar:4.12]
	at org.springframework.test.context.junit4.SpringJUnit4ClassRunner.methodBlock(SpringJUnit4ClassRunner.java:291) [spring-test-5.1.0.RC3.jar:5.1.0.RC3]
	at org.springframework.test.context.junit4.SpringJUnit4ClassRunner.runChild(SpringJUnit4ClassRunner.java:246) [spring-test-5.1.0.RC3.jar:5.1.0.RC3]
	at org.springframework.test.context.junit4.SpringJUnit4ClassRunner.runChild(SpringJUnit4ClassRunner.java:97) [spring-test-5.1.0.RC3.jar:5.1.0.RC3]
	at org.junit.runners.ParentRunner$3.run(ParentRunner.java:290) [junit-4.12.jar:4.12]
	at org.junit.runners.ParentRunner$1.schedule(ParentRunner.java:71) [junit-4.12.jar:4.12]
	at org.junit.runners.ParentRunner.runChildren(ParentRunner.java:288) [junit-4.12.jar:4.12]
	at org.junit.runners.ParentRunner.access$000(ParentRunner.java:58) [junit-4.12.jar:4.12]
	at org.junit.runners.ParentRunner$2.evaluate(ParentRunner.java:268) [junit-4.12.jar:4.12]
	at org.springframework.test.context.junit4.statements.RunBeforeTestClassCallbacks.evaluate(RunBeforeTestClassCallbacks.java:61) [spring-test-5.1.0.RC3.jar:5.1.0.RC3]
	at org.springframework.test.context.junit4.statements.RunAfterTestClassCallbacks.evaluate(RunAfterTestClassCallbacks.java:70) [spring-test-5.1.0.RC3.jar:5.1.0.RC3]
	at org.junit.runners.ParentRunner.run(ParentRunner.java:363) [junit-4.12.jar:4.12]
	at org.springframework.test.context.junit4.SpringJUnit4ClassRunner.run(SpringJUnit4ClassRunner.java:190) [spring-test-5.1.0.RC3.jar:5.1.0.RC3]
	at org.apache.maven.surefire.junit4.JUnit4Provider.execute(JUnit4Provider.java:365) [surefire-junit4-2.22.0.jar:2.22.0]
	at org.apache.maven.surefire.junit4.JUnit4Provider.executeWithRerun(JUnit4Provider.java:273) [surefire-junit4-2.22.0.jar:2.22.0]
	at org.apache.maven.surefire.junit4.JUnit4Provider.executeTestSet(JUnit4Provider.java:238) [surefire-junit4-2.22.0.jar:2.22.0]
	at org.apache.maven.surefire.junit4.JUnit4Provider.invoke(JUnit4Provider.java:159) [surefire-junit4-2.22.0.jar:2.22.0]
	at org.apache.maven.surefire.booter.ForkedBooter.invokeProviderInSameClassLoader(ForkedBooter.java:383) [surefire-booter-2.22.0.jar:2.22.0]
	at org.apache.maven.surefire.booter.ForkedBooter.runSuitesInProcess(ForkedBooter.java:344) [surefire-booter-2.22.0.jar:2.22.0]
	at org.apache.maven.surefire.booter.ForkedBooter.execute(ForkedBooter.java:125) [surefire-booter-2.22.0.jar:2.22.0]
	at org.apache.maven.surefire.booter.ForkedBooter.main(ForkedBooter.java:417) [surefire-booter-2.22.0.jar:2.22.0]
Caused by: java.lang.NoClassDefFoundError: org/hibernate/SessionFactory
	at java.lang.Class.getDeclaredMethods0(Native Method) ~[na:1.8.0_172]
	at java.lang.Class.privateGetDeclaredMethods(Class.java:2701) ~[na:1.8.0_172]
	at java.lang.Class.getDeclaredMethods(Class.java:1975) ~[na:1.8.0_172]
	at org.springframework.util.ReflectionUtils.getDeclaredMethods(ReflectionUtils.java:662) ~[spring-core-5.1.0.RC3.jar:5.1.0.RC3]
	... 48 common frames omitted
Caused by: java.lang.ClassNotFoundException: org.hibernate.SessionFactory
	at java.net.URLClassLoader.findClass(URLClassLoader.java:381) ~[na:1.8.0_172]
	at java.lang.ClassLoader.loadClass(ClassLoader.java:424) ~[na:1.8.0_172]
	at sun.misc.Launcher$AppClassLoader.loadClass(Launcher.java:349) ~[na:1.8.0_172]
	at java.lang.ClassLoader.loadClass(ClassLoader.java:357) ~[na:1.8.0_172]
	... 52 common frames omitted

2018-09-23 23:19:56.427 ERROR 6622 --- [           main] o.s.test.context.TestContextManager      : Caught exception while allowing TestExecutionListener [org.springframework.test.context.web.ServletTestExecutionListener@4218d6a3] to prepare test instance [com.sampleapp.demo.DemoApplicationTests@58ebfd03]

java.lang.IllegalStateException: Failed to load ApplicationContext
	at org.springframework.test.context.cache.DefaultCacheAwareContextLoaderDelegate.loadContext(DefaultCacheAwareContextLoaderDelegate.java:125) ~[spring-test-5.1.0.RC3.jar:5.1.0.RC3]
	at org.springframework.test.context.support.DefaultTestContext.getApplicationContext(DefaultTestContext.java:108) ~[spring-test-5.1.0.RC3.jar:5.1.0.RC3]
	at org.springframework.test.context.web.ServletTestExecutionListener.setUpRequestContextIfNecessary(ServletTestExecutionListener.java:190) ~[spring-test-5.1.0.RC3.jar:5.1.0.RC3]
	at org.springframework.test.context.web.ServletTestExecutionListener.prepareTestInstance(ServletTestExecutionListener.java:132) ~[spring-test-5.1.0.RC3.jar:5.1.0.RC3]
	at org.springframework.test.context.TestContextManager.prepareTestInstance(TestContextManager.java:246) ~[spring-test-5.1.0.RC3.jar:5.1.0.RC3]
	at org.springframework.test.context.junit4.SpringJUnit4ClassRunner.createTest(SpringJUnit4ClassRunner.java:227) [spring-test-5.1.0.RC3.jar:5.1.0.RC3]
	at org.springframework.test.context.junit4.SpringJUnit4ClassRunner$1.runReflectiveCall(SpringJUnit4ClassRunner.java:289) [spring-test-5.1.0.RC3.jar:5.1.0.RC3]
	at org.junit.internal.runners.model.ReflectiveCallable.run(ReflectiveCallable.java:12) [junit-4.12.jar:4.12]
	at org.springframework.test.context.junit4.SpringJUnit4ClassRunner.methodBlock(SpringJUnit4ClassRunner.java:291) [spring-test-5.1.0.RC3.jar:5.1.0.RC3]
	at org.springframework.test.context.junit4.SpringJUnit4ClassRunner.runChild(SpringJUnit4ClassRunner.java:246) [spring-test-5.1.0.RC3.jar:5.1.0.RC3]
	at org.springframework.test.context.junit4.SpringJUnit4ClassRunner.runChild(SpringJUnit4ClassRunner.java:97) [spring-test-5.1.0.RC3.jar:5.1.0.RC3]
	at org.junit.runners.ParentRunner$3.run(ParentRunner.java:290) [junit-4.12.jar:4.12]
	at org.junit.runners.ParentRunner$1.schedule(ParentRunner.java:71) [junit-4.12.jar:4.12]
	at org.junit.runners.ParentRunner.runChildren(ParentRunner.java:288) [junit-4.12.jar:4.12]
	at org.junit.runners.ParentRunner.access$000(ParentRunner.java:58) [junit-4.12.jar:4.12]
	at org.junit.runners.ParentRunner$2.evaluate(ParentRunner.java:268) [junit-4.12.jar:4.12]
	at org.springframework.test.context.junit4.statements.RunBeforeTestClassCallbacks.evaluate(RunBeforeTestClassCallbacks.java:61) [spring-test-5.1.0.RC3.jar:5.1.0.RC3]
	at org.springframework.test.context.junit4.statements.RunAfterTestClassCallbacks.evaluate(RunAfterTestClassCallbacks.java:70) [spring-test-5.1.0.RC3.jar:5.1.0.RC3]
	at org.junit.runners.ParentRunner.run(ParentRunner.java:363) [junit-4.12.jar:4.12]
	at org.springframework.test.context.junit4.SpringJUnit4ClassRunner.run(SpringJUnit4ClassRunner.java:190) [spring-test-5.1.0.RC3.jar:5.1.0.RC3]
	at org.apache.maven.surefire.junit4.JUnit4Provider.execute(JUnit4Provider.java:365) [surefire-junit4-2.22.0.jar:2.22.0]
	at org.apache.maven.surefire.junit4.JUnit4Provider.executeWithRerun(JUnit4Provider.java:273) [surefire-junit4-2.22.0.jar:2.22.0]
	at org.apache.maven.surefire.junit4.JUnit4Provider.executeTestSet(JUnit4Provider.java:238) [surefire-junit4-2.22.0.jar:2.22.0]
	at org.apache.maven.surefire.junit4.JUnit4Provider.invoke(JUnit4Provider.java:159) [surefire-junit4-2.22.0.jar:2.22.0]
	at org.apache.maven.surefire.booter.ForkedBooter.invokeProviderInSameClassLoader(ForkedBooter.java:383) [surefire-booter-2.22.0.jar:2.22.0]
	at org.apache.maven.surefire.booter.ForkedBooter.runSuitesInProcess(ForkedBooter.java:344) [surefire-booter-2.22.0.jar:2.22.0]
	at org.apache.maven.surefire.booter.ForkedBooter.execute(ForkedBooter.java:125) [surefire-booter-2.22.0.jar:2.22.0]
	at org.apache.maven.surefire.booter.ForkedBooter.main(ForkedBooter.java:417) [surefire-booter-2.22.0.jar:2.22.0]
Caused by: java.lang.IllegalStateException: Error processing condition on org.springframework.boot.autoconfigure.context.PropertyPlaceholderAutoConfiguration.propertySourcesPlaceholderConfigurer
	at org.springframework.boot.autoconfigure.condition.SpringBootCondition.matches(SpringBootCondition.java:64) ~[spring-boot-autoconfigure-2.1.0.M3.jar:2.1.0.M3]
	at org.springframework.context.annotation.ConditionEvaluator.shouldSkip(ConditionEvaluator.java:108) ~[spring-context-5.1.0.RC3.jar:5.1.0.RC3]
	at org.springframework.context.annotation.ConfigurationClassBeanDefinitionReader.loadBeanDefinitionsForBeanMethod(ConfigurationClassBeanDefinitionReader.java:180) ~[spring-context-5.1.0.RC3.jar:5.1.0.RC3]
	at org.springframework.context.annotation.ConfigurationClassBeanDefinitionReader.loadBeanDefinitionsForConfigurationClass(ConfigurationClassBeanDefinitionReader.java:140) ~[spring-context-5.1.0.RC3.jar:5.1.0.RC3]
	at org.springframework.context.annotation.ConfigurationClassBeanDefinitionReader.loadBeanDefinitions(ConfigurationClassBeanDefinitionReader.java:116) ~[spring-context-5.1.0.RC3.jar:5.1.0.RC3]
	at org.springframework.context.annotation.ConfigurationClassPostProcessor.processConfigBeanDefinitions(ConfigurationClassPostProcessor.java:327) ~[spring-context-5.1.0.RC3.jar:5.1.0.RC3]
	at org.springframework.context.annotation.ConfigurationClassPostProcessor.postProcessBeanDefinitionRegistry(ConfigurationClassPostProcessor.java:232) ~[spring-context-5.1.0.RC3.jar:5.1.0.RC3]
	at org.springframework.context.support.PostProcessorRegistrationDelegate.invokeBeanDefinitionRegistryPostProcessors(PostProcessorRegistrationDelegate.java:275) ~[spring-context-5.1.0.RC3.jar:5.1.0.RC3]
	at org.springframework.context.support.PostProcessorRegistrationDelegate.invokeBeanFactoryPostProcessors(PostProcessorRegistrationDelegate.java:95) ~[spring-context-5.1.0.RC3.jar:5.1.0.RC3]
	at org.springframework.context.support.AbstractApplicationContext.invokeBeanFactoryPostProcessors(AbstractApplicationContext.java:693) ~[spring-context-5.1.0.RC3.jar:5.1.0.RC3]
	at org.springframework.context.support.AbstractApplicationContext.refresh(AbstractApplicationContext.java:530) ~[spring-context-5.1.0.RC3.jar:5.1.0.RC3]
	at org.springframework.boot.SpringApplication.refresh(SpringApplication.java:797) ~[spring-boot-2.1.0.M3.jar:2.1.0.M3]
	at org.springframework.boot.SpringApplication.refreshContext(SpringApplication.java:421) ~[spring-boot-2.1.0.M3.jar:2.1.0.M3]
	at org.springframework.boot.SpringApplication.run(SpringApplication.java:340) ~[spring-boot-2.1.0.M3.jar:2.1.0.M3]
	at org.springframework.boot.test.context.SpringBootContextLoader.loadContext(SpringBootContextLoader.java:139) ~[spring-boot-test-2.1.0.M3.jar:2.1.0.M3]
	at org.springframework.test.context.cache.DefaultCacheAwareContextLoaderDelegate.loadContextInternal(DefaultCacheAwareContextLoaderDelegate.java:99) ~[spring-test-5.1.0.RC3.jar:5.1.0.RC3]
	at org.springframework.test.context.cache.DefaultCacheAwareContextLoaderDelegate.loadContext(DefaultCacheAwareContextLoaderDelegate.java:117) ~[spring-test-5.1.0.RC3.jar:5.1.0.RC3]
	... 27 common frames omitted
Caused by: java.lang.IllegalStateException: Failed to introspect Class [com.sampleapp.config.AppConfig] from ClassLoader [sun.misc.Launcher$AppClassLoader@4aa298b7]
	at org.springframework.util.ReflectionUtils.getDeclaredMethods(ReflectionUtils.java:680) ~[spring-core-5.1.0.RC3.jar:5.1.0.RC3]
	at org.springframework.util.ReflectionUtils.doWithMethods(ReflectionUtils.java:577) ~[spring-core-5.1.0.RC3.jar:5.1.0.RC3]
	at org.springframework.util.ReflectionUtils.doWithMethods(ReflectionUtils.java:562) ~[spring-core-5.1.0.RC3.jar:5.1.0.RC3]
	at org.springframework.util.ReflectionUtils.getUniqueDeclaredMethods(ReflectionUtils.java:620) ~[spring-core-5.1.0.RC3.jar:5.1.0.RC3]
	at java.util.concurrent.ConcurrentHashMap.computeIfAbsent(ConcurrentHashMap.java:1660) ~[na:1.8.0_172]
	at org.springframework.beans.factory.support.AbstractAutowireCapableBeanFactory.getTypeForFactoryMethod(AbstractAutowireCapableBeanFactory.java:721) ~[spring-beans-5.1.0.RC3.jar:5.1.0.RC3]
	at org.springframework.beans.factory.support.AbstractAutowireCapableBeanFactory.determineTargetType(AbstractAutowireCapableBeanFactory.java:662) ~[spring-beans-5.1.0.RC3.jar:5.1.0.RC3]
	at org.springframework.beans.factory.support.AbstractAutowireCapableBeanFactory.predictBeanType(AbstractAutowireCapableBeanFactory.java:630) ~[spring-beans-5.1.0.RC3.jar:5.1.0.RC3]
	at org.springframework.beans.factory.support.AbstractBeanFactory.isFactoryBean(AbstractBeanFactory.java:1492) ~[spring-beans-5.1.0.RC3.jar:5.1.0.RC3]
	at org.springframework.beans.factory.support.AbstractBeanFactory.isFactoryBean(AbstractBeanFactory.java:1015) ~[spring-beans-5.1.0.RC3.jar:5.1.0.RC3]
	at org.springframework.boot.autoconfigure.condition.BeanTypeRegistry.addBeanTypeForNonAliasDefinition(BeanTypeRegistry.java:194) ~[spring-boot-autoconfigure-2.1.0.M3.jar:2.1.0.M3]
	at org.springframework.boot.autoconfigure.condition.BeanTypeRegistry.addBeanTypeForNonAliasDefinition(BeanTypeRegistry.java:170) ~[spring-boot-autoconfigure-2.1.0.M3.jar:2.1.0.M3]
	at org.springframework.boot.autoconfigure.condition.BeanTypeRegistry.addBeanType(BeanTypeRegistry.java:163) ~[spring-boot-autoconfigure-2.1.0.M3.jar:2.1.0.M3]
	at org.springframework.boot.autoconfigure.condition.BeanTypeRegistry.lambda$updateTypesIfNecessary$2(BeanTypeRegistry.java:150) ~[spring-boot-autoconfigure-2.1.0.M3.jar:2.1.0.M3]
	at java.util.Iterator.forEachRemaining(Iterator.java:116) ~[na:1.8.0_172]
	at org.springframework.boot.autoconfigure.condition.BeanTypeRegistry.updateTypesIfNecessary(BeanTypeRegistry.java:148) ~[spring-boot-autoconfigure-2.1.0.M3.jar:2.1.0.M3]
	at org.springframework.boot.autoconfigure.condition.BeanTypeRegistry.getNamesForType(BeanTypeRegistry.java:114) ~[spring-boot-autoconfigure-2.1.0.M3.jar:2.1.0.M3]
	at org.springframework.boot.autoconfigure.condition.OnBeanCondition.collectBeanNamesForType(OnBeanCondition.java:265) ~[spring-boot-autoconfigure-2.1.0.M3.jar:2.1.0.M3]
	at org.springframework.boot.autoconfigure.condition.OnBeanCondition.getBeanNamesForType(OnBeanCondition.java:254) ~[spring-boot-autoconfigure-2.1.0.M3.jar:2.1.0.M3]
	at org.springframework.boot.autoconfigure.condition.OnBeanCondition.getMatchingBeans(OnBeanCondition.java:196) ~[spring-boot-autoconfigure-2.1.0.M3.jar:2.1.0.M3]
	at org.springframework.boot.autoconfigure.condition.OnBeanCondition.getMatchOutcome(OnBeanCondition.java:116) ~[spring-boot-autoconfigure-2.1.0.M3.jar:2.1.0.M3]
	at org.springframework.boot.autoconfigure.condition.SpringBootCondition.matches(SpringBootCondition.java:47) ~[spring-boot-autoconfigure-2.1.0.M3.jar:2.1.0.M3]
	... 43 common frames omitted
Caused by: java.lang.NoClassDefFoundError: org/hibernate/SessionFactory
	at java.lang.Class.getDeclaredMethods0(Native Method) ~[na:1.8.0_172]
	at java.lang.Class.privateGetDeclaredMethods(Class.java:2701) ~[na:1.8.0_172]
	at java.lang.Class.getDeclaredMethods(Class.java:1975) ~[na:1.8.0_172]
	at org.springframework.util.ReflectionUtils.getDeclaredMethods(ReflectionUtils.java:662) ~[spring-core-5.1.0.RC3.jar:5.1.0.RC3]
	... 64 common frames omitted
Caused by: java.lang.ClassNotFoundException: org.hibernate.SessionFactory
	at java.net.URLClassLoader.findClass(URLClassLoader.java:381) ~[na:1.8.0_172]
	at java.lang.ClassLoader.loadClass(ClassLoader.java:424) ~[na:1.8.0_172]
	at sun.misc.Launcher$AppClassLoader.loadClass(Launcher.java:349) ~[na:1.8.0_172]
	at java.lang.ClassLoader.loadClass(ClassLoader.java:357) ~[na:1.8.0_172]
	... 68 common frames omitted

]]></system-out>
  </testcase>
</testsuite>